2021-04-13 07:53:51,518 DEBUG    Debug msg
2021-04-13 07:53:51,518 INFO     Info msg
2021-04-13 07:53:51,518 WARNING  Warning msg
2021-04-13 07:53:51,518 ERROR    Error msg
2021-04-13 07:53:51,518 CRITICAL Critical msg
2021-04-13 07:53:52,799 INFO     Beginning Flow run for 'Check Even/Odd'
2021-04-13 07:53:52,861 INFO     Task 'value': Starting task run...
2021-04-13 07:53:53,049 INFO     Task 'value': Finished task run for task with final state: 'Success'
2021-04-13 07:53:53,111 INFO     Task 'check_if_even': Starting task run...
2021-04-13 07:53:53,143 INFO     Task 'check_if_even': Finished task run for task with final state: 'Success'
2021-04-13 07:53:53,205 INFO     Task 'as_bool': Starting task run...
2021-04-13 07:53:53,236 INFO     Task 'as_bool': Finished task run for task with final state: 'Success'
2021-04-13 07:53:53,299 INFO     Task 'CompareValue: "True"': Starting task run...
2021-04-13 07:53:53,330 INFO     Task 'CompareValue: "True"': Finished task run for task with final state: 'Success'
2021-04-13 07:53:53,393 INFO     Task 'CompareValue: "False"': Starting task run...
2021-04-13 07:53:53,393 INFO     SKIP signal raised: SKIP('Provided value "True" did not match "False"')
2021-04-13 07:53:53,424 INFO     Task 'CompareValue: "False"': Finished task run for task with final state: 'Skipped'
2021-04-13 07:53:53,486 INFO     Task 'print_odd': Starting task run...
2021-04-13 07:53:53,518 INFO     Task 'print_odd': Finished task run for task with final state: 'Skipped'
2021-04-13 07:53:53,565 INFO     Task 'print_even': Starting task run...
2021-04-13 07:53:53,596 INFO     Task 'print_even': Finished task run for task with final state: 'Success'
2021-04-13 07:53:53,611 INFO     Flow run SUCCESS: all reference tasks succeeded
2021-04-13 07:53:53,627 INFO     Beginning Flow run for 'Check Even/Odd'
2021-04-13 07:53:53,705 INFO     Task 'value': Starting task run...
2021-04-13 07:53:53,721 INFO     Task 'value': Finished task run for task with final state: 'Success'
2021-04-13 07:53:53,783 INFO     Task 'check_if_even': Starting task run...
2021-04-13 07:53:53,799 INFO     Task 'check_if_even': Finished task run for task with final state: 'Success'
2021-04-13 07:53:53,877 INFO     Task 'as_bool': Starting task run...
2021-04-13 07:53:53,908 INFO     Task 'as_bool': Finished task run for task with final state: 'Success'
2021-04-13 07:53:53,971 INFO     Task 'CompareValue: "True"': Starting task run...
2021-04-13 07:53:53,971 INFO     SKIP signal raised: SKIP('Provided value "False" did not match "True"')
2021-04-13 07:53:54,018 INFO     Task 'CompareValue: "True"': Finished task run for task with final state: 'Skipped'
2021-04-13 07:53:54,065 INFO     Task 'CompareValue: "False"': Starting task run...
2021-04-13 07:53:54,111 INFO     Task 'CompareValue: "False"': Finished task run for task with final state: 'Success'
2021-04-13 07:53:54,174 INFO     Task 'print_odd': Starting task run...
2021-04-13 07:53:54,205 INFO     Task 'print_odd': Finished task run for task with final state: 'Success'
2021-04-13 07:53:54,268 INFO     Task 'print_even': Starting task run...
2021-04-13 07:53:54,299 INFO     Task 'print_even': Finished task run for task with final state: 'Skipped'
2021-04-13 07:53:54,299 INFO     Flow run SUCCESS: all reference tasks succeeded
2021-04-13 07:53:54,846 DEBUG    write 706 bytes to 'C:\\Users\\phili\\AppData\\Local\\Temp\\tmpywronkwg'
2021-04-13 07:53:54,846 DEBUG    run ['dot', '-Kdot', '-Tpdf', '-O', 'tmpywronkwg']
2021-04-13 07:53:55,268 DEBUG    view: 'C:\\Users\\phili\\AppData\\Local\\Temp\\tmpywronkwg.pdf'
